c:\users\david molina\source\repos\assginement4(david molina, 40111257)\assginement4(david molina, 40111257)\debug\assginement4(david molina, 40111257).pch
c:\users\david molina\source\repos\assginement4(david molina, 40111257)\assginement4(david molina, 40111257)\debug\vc141.pdb
c:\users\david molina\source\repos\assginement4(david molina, 40111257)\assginement4(david molina, 40111257)\debug\vc141.idb
c:\users\david molina\source\repos\assginement4(david molina, 40111257)\assginement4(david molina, 40111257)\debug\pch.obj
c:\users\david molina\source\repos\assginement4(david molina, 40111257)\assginement4(david molina, 40111257)\debug\undergraduatestudent.obj
c:\users\david molina\source\repos\assginement4(david molina, 40111257)\assginement4(david molina, 40111257)\debug\time.obj
c:\users\david molina\source\repos\assginement4(david molina, 40111257)\assginement4(david molina, 40111257)\debug\student.obj
c:\users\david molina\source\repos\assginement4(david molina, 40111257)\assginement4(david molina, 40111257)\debug\graduatestudent.obj
c:\users\david molina\source\repos\assginement4(david molina, 40111257)\assginement4(david molina, 40111257)\debug\grade.obj
c:\users\david molina\source\repos\assginement4(david molina, 40111257)\assginement4(david molina, 40111257)\debug\courseregistration.obj
c:\users\david molina\source\repos\assginement4(david molina, 40111257)\assginement4(david molina, 40111257)\debug\course.obj
c:\users\david molina\source\repos\assginement4(david molina, 40111257)\assginement4(david molina, 40111257)\debug\assginement4(david molina, 40111257).obj
c:\users\david molina\source\repos\assginement4(david molina, 40111257)\assginement4(david molina, 40111257)\debug\databasemanager.obj
c:\users\david molina\source\repos\assginement4(david molina, 40111257)\assginement4(david molina, 40111257)\debug\courseschedule.obj
c:\users\david molina\source\repos\assginement4(david molina, 40111257)\debug\assginement4(david molina, 40111257).exe
c:\users\david molina\source\repos\assginement4(david molina, 40111257)\debug\assginement4(david molina, 40111257).ilk
c:\users\david molina\source\repos\assginement4(david molina, 40111257)\debug\assginement4(david molina, 40111257).pdb
c:\users\david molina\source\repos\assginement4(david molina, 40111257)\assginement4(david molina, 40111257)\debug\assginem.b032dff0.tlog\cl.command.1.tlog
c:\users\david molina\source\repos\assginement4(david molina, 40111257)\assginement4(david molina, 40111257)\debug\assginem.b032dff0.tlog\cl.read.1.tlog
c:\users\david molina\source\repos\assginement4(david molina, 40111257)\assginement4(david molina, 40111257)\debug\assginem.b032dff0.tlog\cl.write.1.tlog
c:\users\david molina\source\repos\assginement4(david molina, 40111257)\assginement4(david molina, 40111257)\debug\assginem.b032dff0.tlog\link.command.1.tlog
c:\users\david molina\source\repos\assginement4(david molina, 40111257)\assginement4(david molina, 40111257)\debug\assginem.b032dff0.tlog\link.read.1.tlog
c:\users\david molina\source\repos\assginement4(david molina, 40111257)\assginement4(david molina, 40111257)\debug\assginem.b032dff0.tlog\link.write.1.tlog
